
==========================================================================
floorplan final report_tns
--------------------------------------------------------------------------
tns max 0.00

==========================================================================
floorplan final report_wns
--------------------------------------------------------------------------
wns max 0.00

==========================================================================
floorplan final report_worst_slack
--------------------------------------------------------------------------
worst slack max 5.48

==========================================================================
floorplan final report_clock_min_period
--------------------------------------------------------------------------
clk period_min = 4.52 fmax = 221.23

==========================================================================
floorplan final report_checks -path_delay min
--------------------------------------------------------------------------
Startpoint: sel[2] (input port clocked by clk)
Endpoint: Y[0] (output port clocked by clk)
Path Group: clk
Path Type: min

Fanout     Cap    Slew   Delay    Time   Description
-----------------------------------------------------------------------------
                  0.00    0.00    0.00   clock clk (rise edge)
                          0.00    0.00   clock network delay (ideal)
                          2.00    2.00 ^ input external delay
     2   12.54    0.00    0.00    2.00 ^ sel[2] (in)
                                         sel[2] (net)
                  0.00    0.00    2.00 ^ _4129_/A1 (NAND2_X4)
     2    7.16    0.01    0.01    2.01 v _4129_/ZN (NAND2_X4)
                                         _0639_ (net)
                  0.01    0.00    2.01 v _6528_/A1 (NAND3_X1)
     1    1.65    0.01    0.01    2.02 ^ _6528_/ZN (NAND3_X1)
                                         _2956_ (net)
                  0.01    0.00    2.02 ^ _6529_/A3 (NAND3_X1)
     2    1.59    0.01    0.02    2.04 v _6529_/ZN (NAND3_X1)
                                         Y[0] (net)
                  0.01    0.00    2.04 v Y[0] (out)
                                  2.04   data arrival time

                  0.00    0.00    0.00   clock clk (rise edge)
                          0.00    0.00   clock network delay (ideal)
                          0.00    0.00   clock reconvergence pessimism
                         -2.00   -2.00   output external delay
                                 -2.00   data required time
-----------------------------------------------------------------------------
                                 -2.00   data required time
                                 -2.04   data arrival time
-----------------------------------------------------------------------------
                                  4.04   slack (MET)



==========================================================================
floorplan final report_checks -path_delay max
--------------------------------------------------------------------------
Startpoint: B[0] (input port clocked by clk)
Endpoint: zero (output port clocked by clk)
Path Group: clk
Path Type: max

Fanout     Cap    Slew   Delay    Time   Description
-----------------------------------------------------------------------------
                  0.00    0.00    0.00   clock clk (rise edge)
                          0.00    0.00   clock network delay (ideal)
                          2.00    2.00 ^ input external delay
     3    8.60    0.00    0.00    2.00 ^ B[0] (in)
                                         B[0] (net)
                  0.00    0.00    2.00 ^ _6781_/B (HA_X1)
     3    9.59    0.03    0.05    2.05 ^ _6781_/CO (HA_X1)
                                         _0336_ (net)
                  0.03    0.00    2.05 ^ _3499_/A (INV_X1)
     2    4.22    0.01    0.02    2.06 v _3499_/ZN (INV_X1)
                                         _0002_ (net)
                  0.01    0.00    2.06 v _6614_/CI (FA_X1)
     2    3.68    0.02    0.07    2.14 v _6614_/CO (FA_X1)
                                         _0003_ (net)
                  0.02    0.00    2.14 v _4536_/A (INV_X1)
     2    7.90    0.02    0.03    2.17 ^ _4536_/ZN (INV_X1)
                                         _1042_ (net)
                  0.02    0.00    2.17 ^ _4537_/A1 (NAND3_X4)
     3    9.84    0.01    0.02    2.19 v _4537_/ZN (NAND3_X4)
                                         _1043_ (net)
                  0.01    0.00    2.19 v _4567_/A1 (NOR2_X2)
     2    3.30    0.02    0.03    2.22 ^ _4567_/ZN (NOR2_X2)
                                         _1072_ (net)
                  0.02    0.00    2.22 ^ _4568_/A (INV_X1)
     1    2.93    0.01    0.01    2.23 v _4568_/ZN (INV_X1)
                                         _1073_ (net)
                  0.01    0.00    2.23 v _4571_/A1 (NAND3_X2)
     3    9.71    0.02    0.02    2.25 ^ _4571_/ZN (NAND3_X2)
                                         _1076_ (net)
                  0.02    0.00    2.25 ^ _6422_/A (XNOR2_X1)
     1    1.60    0.02    0.04    2.29 ^ _6422_/ZN (XNOR2_X1)
                                         _2858_ (net)
                  0.02    0.00    2.29 ^ _6423_/A1 (NAND2_X1)
     1    1.50    0.01    0.01    2.31 v _6423_/ZN (NAND2_X1)
                                         _2859_ (net)
                  0.01    0.00    2.31 v _6424_/A2 (NAND2_X1)
     2    3.36    0.01    0.02    2.33 ^ _6424_/ZN (NAND2_X1)
                                         _2860_ (net)
                  0.01    0.00    2.33 ^ _6550_/A2 (NAND2_X1)
     1    2.70    0.01    0.02    2.34 v _6550_/ZN (NAND2_X1)
                                         _2976_ (net)
                  0.01    0.00    2.34 v _6555_/A1 (NOR2_X2)
     1    1.66    0.01    0.02    2.36 ^ _6555_/ZN (NOR2_X2)
                                         _2981_ (net)
                  0.01    0.00    2.36 ^ _6556_/A2 (NAND2_X1)
     1    2.70    0.01    0.02    2.38 v _6556_/ZN (NAND2_X1)
                                         _2982_ (net)
                  0.01    0.00    2.38 v _6558_/A1 (NOR2_X2)
     1    1.62    0.01    0.02    2.40 ^ _6558_/ZN (NOR2_X2)
                                         _2984_ (net)
                  0.01    0.00    2.40 ^ _6561_/A2 (NAND3_X1)
     1    2.70    0.01    0.02    2.42 v _6561_/ZN (NAND3_X1)
                                         _2987_ (net)
                  0.01    0.00    2.42 v _6563_/A1 (NOR2_X2)
     1    1.59    0.01    0.02    2.44 ^ _6563_/ZN (NOR2_X2)
                                         _2989_ (net)
                  0.01    0.00    2.44 ^ _6572_/A1 (NAND3_X1)
     1    2.70    0.01    0.02    2.46 v _6572_/ZN (NAND3_X1)
                                         _2998_ (net)
                  0.01    0.00    2.46 v _6585_/A1 (NOR2_X2)
     1    2.98    0.01    0.02    2.49 ^ _6585_/ZN (NOR2_X2)
                                         _3011_ (net)
                  0.01    0.00    2.49 ^ _6609_/A1 (NAND3_X2)
     1    2.70    0.01    0.02    2.51 v _6609_/ZN (NAND3_X2)
                                         _3035_ (net)
                  0.01    0.00    2.51 v _6613_/A1 (NOR2_X2)
     1    0.03    0.01    0.02    2.52 ^ _6613_/ZN (NOR2_X2)
                                         zero (net)
                  0.01    0.00    2.52 ^ zero (out)
                                  2.52   data arrival time

                  0.00   10.00   10.00   clock clk (rise edge)
                          0.00   10.00   clock network delay (ideal)
                          0.00   10.00   clock reconvergence pessimism
                         -2.00    8.00   output external delay
                                  8.00   data required time
-----------------------------------------------------------------------------
                                  8.00   data required time
                                 -2.52   data arrival time
-----------------------------------------------------------------------------
                                  5.48   slack (MET)



==========================================================================
floorplan final report_checks -unconstrained
--------------------------------------------------------------------------
Startpoint: B[0] (input port clocked by clk)
Endpoint: zero (output port clocked by clk)
Path Group: clk
Path Type: max

Fanout     Cap    Slew   Delay    Time   Description
-----------------------------------------------------------------------------
                  0.00    0.00    0.00   clock clk (rise edge)
                          0.00    0.00   clock network delay (ideal)
                          2.00    2.00 ^ input external delay
     3    8.60    0.00    0.00    2.00 ^ B[0] (in)
                                         B[0] (net)
                  0.00    0.00    2.00 ^ _6781_/B (HA_X1)
     3    9.59    0.03    0.05    2.05 ^ _6781_/CO (HA_X1)
                                         _0336_ (net)
                  0.03    0.00    2.05 ^ _3499_/A (INV_X1)
     2    4.22    0.01    0.02    2.06 v _3499_/ZN (INV_X1)
                                         _0002_ (net)
                  0.01    0.00    2.06 v _6614_/CI (FA_X1)
     2    3.68    0.02    0.07    2.14 v _6614_/CO (FA_X1)
                                         _0003_ (net)
                  0.02    0.00    2.14 v _4536_/A (INV_X1)
     2    7.90    0.02    0.03    2.17 ^ _4536_/ZN (INV_X1)
                                         _1042_ (net)
                  0.02    0.00    2.17 ^ _4537_/A1 (NAND3_X4)
     3    9.84    0.01    0.02    2.19 v _4537_/ZN (NAND3_X4)
                                         _1043_ (net)
                  0.01    0.00    2.19 v _4567_/A1 (NOR2_X2)
     2    3.30    0.02    0.03    2.22 ^ _4567_/ZN (NOR2_X2)
                                         _1072_ (net)
                  0.02    0.00    2.22 ^ _4568_/A (INV_X1)
     1    2.93    0.01    0.01    2.23 v _4568_/ZN (INV_X1)
                                         _1073_ (net)
                  0.01    0.00    2.23 v _4571_/A1 (NAND3_X2)
     3    9.71    0.02    0.02    2.25 ^ _4571_/ZN (NAND3_X2)
                                         _1076_ (net)
                  0.02    0.00    2.25 ^ _6422_/A (XNOR2_X1)
     1    1.60    0.02    0.04    2.29 ^ _6422_/ZN (XNOR2_X1)
                                         _2858_ (net)
                  0.02    0.00    2.29 ^ _6423_/A1 (NAND2_X1)
     1    1.50    0.01    0.01    2.31 v _6423_/ZN (NAND2_X1)
                                         _2859_ (net)
                  0.01    0.00    2.31 v _6424_/A2 (NAND2_X1)
     2    3.36    0.01    0.02    2.33 ^ _6424_/ZN (NAND2_X1)
                                         _2860_ (net)
                  0.01    0.00    2.33 ^ _6550_/A2 (NAND2_X1)
     1    2.70    0.01    0.02    2.34 v _6550_/ZN (NAND2_X1)
                                         _2976_ (net)
                  0.01    0.00    2.34 v _6555_/A1 (NOR2_X2)
     1    1.66    0.01    0.02    2.36 ^ _6555_/ZN (NOR2_X2)
                                         _2981_ (net)
                  0.01    0.00    2.36 ^ _6556_/A2 (NAND2_X1)
     1    2.70    0.01    0.02    2.38 v _6556_/ZN (NAND2_X1)
                                         _2982_ (net)
                  0.01    0.00    2.38 v _6558_/A1 (NOR2_X2)
     1    1.62    0.01    0.02    2.40 ^ _6558_/ZN (NOR2_X2)
                                         _2984_ (net)
                  0.01    0.00    2.40 ^ _6561_/A2 (NAND3_X1)
     1    2.70    0.01    0.02    2.42 v _6561_/ZN (NAND3_X1)
                                         _2987_ (net)
                  0.01    0.00    2.42 v _6563_/A1 (NOR2_X2)
     1    1.59    0.01    0.02    2.44 ^ _6563_/ZN (NOR2_X2)
                                         _2989_ (net)
                  0.01    0.00    2.44 ^ _6572_/A1 (NAND3_X1)
     1    2.70    0.01    0.02    2.46 v _6572_/ZN (NAND3_X1)
                                         _2998_ (net)
                  0.01    0.00    2.46 v _6585_/A1 (NOR2_X2)
     1    2.98    0.01    0.02    2.49 ^ _6585_/ZN (NOR2_X2)
                                         _3011_ (net)
                  0.01    0.00    2.49 ^ _6609_/A1 (NAND3_X2)
     1    2.70    0.01    0.02    2.51 v _6609_/ZN (NAND3_X2)
                                         _3035_ (net)
                  0.01    0.00    2.51 v _6613_/A1 (NOR2_X2)
     1    0.03    0.01    0.02    2.52 ^ _6613_/ZN (NOR2_X2)
                                         zero (net)
                  0.01    0.00    2.52 ^ zero (out)
                                  2.52   data arrival time

                  0.00   10.00   10.00   clock clk (rise edge)
                          0.00   10.00   clock network delay (ideal)
                          0.00   10.00   clock reconvergence pessimism
                         -2.00    8.00   output external delay
                                  8.00   data required time
-----------------------------------------------------------------------------
                                  8.00   data required time
                                 -2.52   data arrival time
-----------------------------------------------------------------------------
                                  5.48   slack (MET)



==========================================================================
floorplan final report_power
--------------------------------------------------------------------------
Group                  Internal  Switching    Leakage      Total
                          Power      Power      Power      Power (Watts)
----------------------------------------------------------------
Sequential             0.00e+00   0.00e+00   0.00e+00   0.00e+00   0.0%
Combinational          1.32e-04   1.34e-04   1.13e-04   3.78e-04 100.0%
Clock                  0.00e+00   0.00e+00   0.00e+00   0.00e+00   0.0%
Macro                  0.00e+00   0.00e+00   0.00e+00   0.00e+00   0.0%
Pad                    0.00e+00   0.00e+00   0.00e+00   0.00e+00   0.0%
----------------------------------------------------------------
Total                  1.32e-04   1.34e-04   1.13e-04   3.78e-04 100.0%
                          34.8%      35.4%      29.8%
