
==========================================================================
cts final report_tns
--------------------------------------------------------------------------
tns max 0.00

==========================================================================
cts final report_wns
--------------------------------------------------------------------------
wns max 0.00

==========================================================================
cts final report_worst_slack
--------------------------------------------------------------------------
worst slack max 5.11

==========================================================================
cts final report_clock_min_period
--------------------------------------------------------------------------
clk period_min = 4.89 fmax = 204.39

==========================================================================
cts final report_clock_skew
--------------------------------------------------------------------------
Clock clk
No launch/capture paths found.


==========================================================================
cts final report_checks -path_delay min
--------------------------------------------------------------------------
Startpoint: A[3] (input port clocked by clk)
Endpoint: Y[3] (output port clocked by clk)
Path Group: clk
Path Type: min

Fanout     Cap    Slew   Delay    Time   Description
-----------------------------------------------------------------------------
                  0.00    0.00    0.00   clock clk (rise edge)
                          0.00    0.00   clock network delay (ideal)
                          2.00    2.00 ^ input external delay
     1   34.75    0.00    0.00    2.00 ^ A[3] (in)
                                         A[3] (net)
                  0.02    0.01    2.01 ^ input34/A (BUF_X1)
     5   12.62    0.03    0.05    2.07 ^ input34/Z (BUF_X1)
                                         net34 (net)
                  0.03    0.00    2.07 ^ _6511_/B1 (OAI21_X1)
     1    3.40    0.01    0.02    2.09 v _6511_/ZN (OAI21_X1)
                                         _2941_ (net)
                  0.01    0.00    2.09 v _6512_/A2 (NOR2_X2)
     1    4.15    0.02    0.03    2.12 ^ _6512_/ZN (NOR2_X2)
                                         _2942_ (net)
                  0.02    0.00    2.12 ^ _6520_/A1 (NAND3_X2)
     2    3.24    0.01    0.02    2.14 v _6520_/ZN (NAND3_X2)
                                         net165 (net)
                  0.01    0.00    2.14 v output165/A (BUF_X1)
     1   35.28    0.03    0.06    2.20 v output165/Z (BUF_X1)
                                         Y[3] (net)
                  0.03    0.00    2.20 v Y[3] (out)
                                  2.20   data arrival time

                  0.00    0.00    0.00   clock clk (rise edge)
                          0.00    0.00   clock network delay (ideal)
                          0.00    0.00   clock reconvergence pessimism
                         -2.00   -2.00   output external delay
                                 -2.00   data required time
-----------------------------------------------------------------------------
                                 -2.00   data required time
                                 -2.20   data arrival time
-----------------------------------------------------------------------------
                                  4.20   slack (MET)



==========================================================================
cts final report_checks -path_delay max
--------------------------------------------------------------------------
Startpoint: A[5] (input port clocked by clk)
Endpoint: zero (output port clocked by clk)
Path Group: clk
Path Type: max

Fanout     Cap    Slew   Delay    Time   Description
-----------------------------------------------------------------------------
                  0.00    0.00    0.00   clock clk (rise edge)
                          0.00    0.00   clock network delay (ideal)
                          2.00    2.00 v input external delay
     1   33.97    0.00    0.00    2.00 v A[5] (in)
                                         A[5] (net)
                  0.02    0.01    2.01 v input56/A (BUF_X1)
     4   11.90    0.01    0.05    2.06 v input56/Z (BUF_X1)
                                         net56 (net)
                  0.01    0.00    2.06 v _3530_/A (INV_X1)
     2    6.19    0.02    0.03    2.09 ^ _3530_/ZN (INV_X1)
                                         _0243_ (net)
                  0.02    0.00    2.09 ^ _6734_/A (HA_X1)
     3   14.48    0.08    0.11    2.20 ^ _6734_/S (HA_X1)
                                         _0246_ (net)
                  0.08    0.00    2.20 ^ place315/A (BUF_X1)
     9   39.94    0.09    0.12    2.32 ^ place315/Z (BUF_X1)
                                         net315 (net)
                  0.09    0.00    2.33 ^ _4528_/A1 (NAND2_X4)
     3   11.68    0.02    0.03    2.35 v _4528_/ZN (NAND2_X4)
                                         _1034_ (net)
                  0.02    0.00    2.35 v _4529_/A (INV_X4)
     2    8.35    0.01    0.02    2.37 ^ _4529_/ZN (INV_X4)
                                         _1035_ (net)
                  0.01    0.00    2.37 ^ _4569_/A2 (NAND2_X1)
     2    9.29    0.02    0.03    2.40 v _4569_/ZN (NAND2_X1)
                                         _1074_ (net)
                  0.02    0.00    2.40 v _4571_/A2 (NAND3_X2)
     3   12.42    0.02    0.03    2.44 ^ _4571_/ZN (NAND3_X2)
                                         _1076_ (net)
                  0.02    0.00    2.44 ^ _6422_/A (XNOR2_X1)
     1    1.93    0.02    0.04    2.48 ^ _6422_/ZN (XNOR2_X1)
                                         _2858_ (net)
                  0.02    0.00    2.48 ^ _6423_/A1 (NAND2_X1)
     1    2.19    0.02    0.02    2.50 v _6423_/ZN (NAND2_X1)
                                         _2859_ (net)
                  0.02    0.00    2.50 v _6424_/A2 (NAND2_X1)
     2    3.69    0.01    0.03    2.52 ^ _6424_/ZN (NAND2_X1)
                                         _2860_ (net)
                  0.01    0.00    2.52 ^ _6550_/A2 (NAND2_X1)
     1    3.04    0.01    0.02    2.54 v _6550_/ZN (NAND2_X1)
                                         _2976_ (net)
                  0.01    0.00    2.54 v _6555_/A1 (NOR2_X2)
     1    3.52    0.02    0.02    2.56 ^ _6555_/ZN (NOR2_X2)
                                         _2981_ (net)
                  0.02    0.00    2.56 ^ _6556_/A2 (NAND2_X1)
     1    2.77    0.01    0.02    2.58 v _6556_/ZN (NAND2_X1)
                                         _2982_ (net)
                  0.01    0.00    2.58 v _6558_/A1 (NOR2_X2)
     1    4.17    0.02    0.03    2.61 ^ _6558_/ZN (NOR2_X2)
                                         _2984_ (net)
                  0.02    0.00    2.61 ^ _6561_/A2 (NAND3_X1)
     1    5.11    0.02    0.03    2.64 v _6561_/ZN (NAND3_X1)
                                         _2987_ (net)
                  0.02    0.00    2.64 v _6563_/A1 (NOR2_X2)
     1    5.38    0.02    0.03    2.67 ^ _6563_/ZN (NOR2_X2)
                                         _2989_ (net)
                  0.02    0.00    2.67 ^ _6572_/A1 (NAND3_X1)
     1    3.11    0.01    0.03    2.70 v _6572_/ZN (NAND3_X1)
                                         _2998_ (net)
                  0.01    0.00    2.70 v _6585_/A1 (NOR2_X2)
     1   10.70    0.03    0.04    2.74 ^ _6585_/ZN (NOR2_X2)
                                         _3011_ (net)
                  0.03    0.00    2.75 ^ _6609_/A1 (NAND3_X2)
     1    3.10    0.01    0.02    2.77 v _6609_/ZN (NAND3_X2)
                                         _3035_ (net)
                  0.01    0.00    2.77 v _6613_/A1 (NOR2_X2)
     1   11.89    0.03    0.05    2.82 ^ _6613_/ZN (NOR2_X2)
                                         net197 (net)
                  0.03    0.00    2.82 ^ output197/A (BUF_X1)
     1   22.04    0.05    0.07    2.89 ^ output197/Z (BUF_X1)
                                         zero (net)
                  0.05    0.00    2.89 ^ zero (out)
                                  2.89   data arrival time

                  0.00   10.00   10.00   clock clk (rise edge)
                          0.00   10.00   clock network delay (ideal)
                          0.00   10.00   clock reconvergence pessimism
                         -2.00    8.00   output external delay
                                  8.00   data required time
-----------------------------------------------------------------------------
                                  8.00   data required time
                                 -2.89   data arrival time
-----------------------------------------------------------------------------
                                  5.11   slack (MET)



==========================================================================
cts final report_checks -unconstrained
--------------------------------------------------------------------------
Startpoint: A[5] (input port clocked by clk)
Endpoint: zero (output port clocked by clk)
Path Group: clk
Path Type: max

Fanout     Cap    Slew   Delay    Time   Description
-----------------------------------------------------------------------------
                  0.00    0.00    0.00   clock clk (rise edge)
                          0.00    0.00   clock network delay (ideal)
                          2.00    2.00 v input external delay
     1   33.97    0.00    0.00    2.00 v A[5] (in)
                                         A[5] (net)
                  0.02    0.01    2.01 v input56/A (BUF_X1)
     4   11.90    0.01    0.05    2.06 v input56/Z (BUF_X1)
                                         net56 (net)
                  0.01    0.00    2.06 v _3530_/A (INV_X1)
     2    6.19    0.02    0.03    2.09 ^ _3530_/ZN (INV_X1)
                                         _0243_ (net)
                  0.02    0.00    2.09 ^ _6734_/A (HA_X1)
     3   14.48    0.08    0.11    2.20 ^ _6734_/S (HA_X1)
                                         _0246_ (net)
                  0.08    0.00    2.20 ^ place315/A (BUF_X1)
     9   39.94    0.09    0.12    2.32 ^ place315/Z (BUF_X1)
                                         net315 (net)
                  0.09    0.00    2.33 ^ _4528_/A1 (NAND2_X4)
     3   11.68    0.02    0.03    2.35 v _4528_/ZN (NAND2_X4)
                                         _1034_ (net)
                  0.02    0.00    2.35 v _4529_/A (INV_X4)
     2    8.35    0.01    0.02    2.37 ^ _4529_/ZN (INV_X4)
                                         _1035_ (net)
                  0.01    0.00    2.37 ^ _4569_/A2 (NAND2_X1)
     2    9.29    0.02    0.03    2.40 v _4569_/ZN (NAND2_X1)
                                         _1074_ (net)
                  0.02    0.00    2.40 v _4571_/A2 (NAND3_X2)
     3   12.42    0.02    0.03    2.44 ^ _4571_/ZN (NAND3_X2)
                                         _1076_ (net)
                  0.02    0.00    2.44 ^ _6422_/A (XNOR2_X1)
     1    1.93    0.02    0.04    2.48 ^ _6422_/ZN (XNOR2_X1)
                                         _2858_ (net)
                  0.02    0.00    2.48 ^ _6423_/A1 (NAND2_X1)
     1    2.19    0.02    0.02    2.50 v _6423_/ZN (NAND2_X1)
                                         _2859_ (net)
                  0.02    0.00    2.50 v _6424_/A2 (NAND2_X1)
     2    3.69    0.01    0.03    2.52 ^ _6424_/ZN (NAND2_X1)
                                         _2860_ (net)
                  0.01    0.00    2.52 ^ _6550_/A2 (NAND2_X1)
     1    3.04    0.01    0.02    2.54 v _6550_/ZN (NAND2_X1)
                                         _2976_ (net)
                  0.01    0.00    2.54 v _6555_/A1 (NOR2_X2)
     1    3.52    0.02    0.02    2.56 ^ _6555_/ZN (NOR2_X2)
                                         _2981_ (net)
                  0.02    0.00    2.56 ^ _6556_/A2 (NAND2_X1)
     1    2.77    0.01    0.02    2.58 v _6556_/ZN (NAND2_X1)
                                         _2982_ (net)
                  0.01    0.00    2.58 v _6558_/A1 (NOR2_X2)
     1    4.17    0.02    0.03    2.61 ^ _6558_/ZN (NOR2_X2)
                                         _2984_ (net)
                  0.02    0.00    2.61 ^ _6561_/A2 (NAND3_X1)
     1    5.11    0.02    0.03    2.64 v _6561_/ZN (NAND3_X1)
                                         _2987_ (net)
                  0.02    0.00    2.64 v _6563_/A1 (NOR2_X2)
     1    5.38    0.02    0.03    2.67 ^ _6563_/ZN (NOR2_X2)
                                         _2989_ (net)
                  0.02    0.00    2.67 ^ _6572_/A1 (NAND3_X1)
     1    3.11    0.01    0.03    2.70 v _6572_/ZN (NAND3_X1)
                                         _2998_ (net)
                  0.01    0.00    2.70 v _6585_/A1 (NOR2_X2)
     1   10.70    0.03    0.04    2.74 ^ _6585_/ZN (NOR2_X2)
                                         _3011_ (net)
                  0.03    0.00    2.75 ^ _6609_/A1 (NAND3_X2)
     1    3.10    0.01    0.02    2.77 v _6609_/ZN (NAND3_X2)
                                         _3035_ (net)
                  0.01    0.00    2.77 v _6613_/A1 (NOR2_X2)
     1   11.89    0.03    0.05    2.82 ^ _6613_/ZN (NOR2_X2)
                                         net197 (net)
                  0.03    0.00    2.82 ^ output197/A (BUF_X1)
     1   22.04    0.05    0.07    2.89 ^ output197/Z (BUF_X1)
                                         zero (net)
                  0.05    0.00    2.89 ^ zero (out)
                                  2.89   data arrival time

                  0.00   10.00   10.00   clock clk (rise edge)
                          0.00   10.00   clock network delay (ideal)
                          0.00   10.00   clock reconvergence pessimism
                         -2.00    8.00   output external delay
                                  8.00   data required time
-----------------------------------------------------------------------------
                                  8.00   data required time
                                 -2.89   data arrival time
-----------------------------------------------------------------------------
                                  5.11   slack (MET)



==========================================================================
cts final report_check_types -max_slew -max_cap -max_fanout -violators
--------------------------------------------------------------------------

==========================================================================
cts final max_slew_check_slack
--------------------------------------------------------------------------
0.0886683464050293

==========================================================================
cts final max_slew_check_limit
--------------------------------------------------------------------------
0.1985349953174591

==========================================================================
cts final max_slew_check_slack_limit
--------------------------------------------------------------------------
0.4466

==========================================================================
cts final max_fanout_check_slack
--------------------------------------------------------------------------
1.0000000150474662e+30

==========================================================================
cts final max_fanout_check_limit
--------------------------------------------------------------------------
1.0000000150474662e+30

==========================================================================
cts final max_capacitance_check_slack
--------------------------------------------------------------------------
4.339168548583984

==========================================================================
cts final max_capacitance_check_limit
--------------------------------------------------------------------------
25.253299713134766

==========================================================================
cts final max_capacitance_check_slack_limit
--------------------------------------------------------------------------
0.1718

==========================================================================
cts final max_slew_violation_count
--------------------------------------------------------------------------
max slew violation count 0

==========================================================================
cts final max_fanout_violation_count
--------------------------------------------------------------------------
max fanout violation count 0

==========================================================================
cts final max_cap_violation_count
--------------------------------------------------------------------------
max cap violation count 0

==========================================================================
cts final setup_violation_count
--------------------------------------------------------------------------
setup violation count 0

==========================================================================
cts final hold_violation_count
--------------------------------------------------------------------------
hold violation count 0

==========================================================================
cts final critical path delay
--------------------------------------------------------------------------
2.8926

==========================================================================
cts final critical path slack
--------------------------------------------------------------------------
5.1074

==========================================================================
cts final slack div critical path delay
--------------------------------------------------------------------------
176.567794

==========================================================================
cts final report_power
--------------------------------------------------------------------------
Group                  Internal  Switching    Leakage      Total
                          Power      Power      Power      Power (Watts)
----------------------------------------------------------------
Sequential             0.00e+00   0.00e+00   0.00e+00   0.00e+00   0.0%
Combinational          1.31e-04   2.22e-04   1.07e-04   4.60e-04 100.0%
Clock                  0.00e+00   0.00e+00   0.00e+00   0.00e+00   0.0%
Macro                  0.00e+00   0.00e+00   0.00e+00   0.00e+00   0.0%
Pad                    0.00e+00   0.00e+00   0.00e+00   0.00e+00   0.0%
----------------------------------------------------------------
Total                  1.31e-04   2.22e-04   1.07e-04   4.60e-04 100.0%
                          28.5%      48.3%      23.2%
