
==========================================================================
finish report_tns
--------------------------------------------------------------------------
tns max 0.00

==========================================================================
finish report_wns
--------------------------------------------------------------------------
wns max 0.00

==========================================================================
finish report_worst_slack
--------------------------------------------------------------------------
worst slack max 5.15

==========================================================================
finish report_clock_min_period
--------------------------------------------------------------------------
clk period_min = 4.85 fmax = 206.00

==========================================================================
finish report_clock_skew
--------------------------------------------------------------------------
Clock clk
No launch/capture paths found.


==========================================================================
finish report_checks -path_delay min
--------------------------------------------------------------------------
Startpoint: A[3] (input port clocked by clk)
Endpoint: Y[3] (output port clocked by clk)
Path Group: clk
Path Type: min

Fanout     Cap    Slew   Delay    Time   Description
-----------------------------------------------------------------------------
                  0.00    0.00    0.00   clock clk (rise edge)
                          0.00    0.00   clock network delay (ideal)
                          2.00    2.00 ^ input external delay
     1   26.61    0.00    0.00    2.00 ^ A[3] (in)
                                         A[3] (net)
                  0.01    0.01    2.01 ^ input34/A (BUF_X1)
     5   12.66    0.03    0.05    2.05 ^ input34/Z (BUF_X1)
                                         net34 (net)
                  0.03    0.00    2.05 ^ _6511_/B1 (OAI21_X1)
     1    3.37    0.01    0.02    2.08 v _6511_/ZN (OAI21_X1)
                                         _2941_ (net)
                  0.01    0.00    2.08 v _6512_/A2 (NOR2_X2)
     1    4.20    0.02    0.03    2.11 ^ _6512_/ZN (NOR2_X2)
                                         _2942_ (net)
                  0.02    0.00    2.11 ^ _6520_/A1 (NAND3_X2)
     2    3.11    0.01    0.02    2.13 v _6520_/ZN (NAND3_X2)
                                         net165 (net)
                  0.01    0.00    2.13 v output165/A (BUF_X1)
     1   21.73    0.02    0.05    2.18 v output165/Z (BUF_X1)
                                         Y[3] (net)
                  0.03    0.01    2.19 v Y[3] (out)
                                  2.19   data arrival time

                  0.00    0.00    0.00   clock clk (rise edge)
                          0.00    0.00   clock network delay (ideal)
                          0.00    0.00   clock reconvergence pessimism
                         -2.00   -2.00   output external delay
                                 -2.00   data required time
-----------------------------------------------------------------------------
                                 -2.00   data required time
                                 -2.19   data arrival time
-----------------------------------------------------------------------------
                                  4.19   slack (MET)



==========================================================================
finish report_checks -path_delay max
--------------------------------------------------------------------------
Startpoint: A[5] (input port clocked by clk)
Endpoint: zero (output port clocked by clk)
Path Group: clk
Path Type: max

Fanout     Cap    Slew   Delay    Time   Description
-----------------------------------------------------------------------------
                  0.00    0.00    0.00   clock clk (rise edge)
                          0.00    0.00   clock network delay (ideal)
                          2.00    2.00 v input external delay
     1   25.70    0.00    0.00    2.00 v A[5] (in)
                                         A[5] (net)
                  0.01    0.01    2.01 v input56/A (BUF_X1)
     4   11.39    0.01    0.04    2.05 v input56/Z (BUF_X1)
                                         net56 (net)
                  0.01    0.00    2.05 v _3530_/A (INV_X1)
     2    6.15    0.02    0.03    2.07 ^ _3530_/ZN (INV_X1)
                                         _0243_ (net)
                  0.02    0.00    2.07 ^ _6734_/A (HA_X1)
     3   14.70    0.08    0.11    2.19 ^ _6734_/S (HA_X1)
                                         _0246_ (net)
                  0.08    0.00    2.19 ^ place315/A (BUF_X1)
     9   39.84    0.09    0.12    2.31 ^ place315/Z (BUF_X1)
                                         net315 (net)
                  0.09    0.00    2.31 ^ _4528_/A1 (NAND2_X4)
     3   11.52    0.02    0.03    2.34 v _4528_/ZN (NAND2_X4)
                                         _1034_ (net)
                  0.02    0.00    2.34 v _4529_/A (INV_X4)
     2    8.38    0.01    0.02    2.36 ^ _4529_/ZN (INV_X4)
                                         _1035_ (net)
                  0.01    0.00    2.36 ^ _4569_/A2 (NAND2_X1)
     2    9.27    0.02    0.03    2.39 v _4569_/ZN (NAND2_X1)
                                         _1074_ (net)
                  0.02    0.00    2.39 v _4571_/A2 (NAND3_X2)
     3   12.07    0.02    0.03    2.42 ^ _4571_/ZN (NAND3_X2)
                                         _1076_ (net)
                  0.02    0.00    2.42 ^ _6422_/A (XNOR2_X1)
     1    1.83    0.02    0.04    2.47 ^ _6422_/ZN (XNOR2_X1)
                                         _2858_ (net)
                  0.02    0.00    2.47 ^ _6423_/A1 (NAND2_X1)
     1    2.06    0.02    0.02    2.48 v _6423_/ZN (NAND2_X1)
                                         _2859_ (net)
                  0.02    0.00    2.48 v _6424_/A2 (NAND2_X1)
     2    3.64    0.01    0.02    2.51 ^ _6424_/ZN (NAND2_X1)
                                         _2860_ (net)
                  0.01    0.00    2.51 ^ _6550_/A2 (NAND2_X1)
     1    2.98    0.01    0.02    2.53 v _6550_/ZN (NAND2_X1)
                                         _2976_ (net)
                  0.01    0.00    2.53 v _6555_/A1 (NOR2_X2)
     1    3.58    0.02    0.02    2.55 ^ _6555_/ZN (NOR2_X2)
                                         _2981_ (net)
                  0.02    0.00    2.55 ^ _6556_/A2 (NAND2_X1)
     1    2.80    0.01    0.02    2.57 v _6556_/ZN (NAND2_X1)
                                         _2982_ (net)
                  0.01    0.00    2.57 v _6558_/A1 (NOR2_X2)
     1    3.65    0.02    0.02    2.59 ^ _6558_/ZN (NOR2_X2)
                                         _2984_ (net)
                  0.02    0.00    2.59 ^ _6561_/A2 (NAND3_X1)
     1    5.29    0.02    0.03    2.63 v _6561_/ZN (NAND3_X1)
                                         _2987_ (net)
                  0.02    0.00    2.63 v _6563_/A1 (NOR2_X2)
     1    5.42    0.02    0.03    2.66 ^ _6563_/ZN (NOR2_X2)
                                         _2989_ (net)
                  0.02    0.00    2.66 ^ _6572_/A1 (NAND3_X1)
     1    2.99    0.01    0.03    2.68 v _6572_/ZN (NAND3_X1)
                                         _2998_ (net)
                  0.01    0.00    2.68 v _6585_/A1 (NOR2_X2)
     1   10.27    0.03    0.04    2.73 ^ _6585_/ZN (NOR2_X2)
                                         _3011_ (net)
                  0.03    0.00    2.73 ^ _6609_/A1 (NAND3_X2)
     1    3.01    0.01    0.02    2.75 v _6609_/ZN (NAND3_X2)
                                         _3035_ (net)
                  0.01    0.00    2.75 v _6613_/A1 (NOR2_X2)
     1    8.76    0.03    0.04    2.79 ^ _6613_/ZN (NOR2_X2)
                                         net197 (net)
                  0.03    0.00    2.79 ^ output197/A (BUF_X1)
     1   14.80    0.03    0.06    2.85 ^ output197/Z (BUF_X1)
                                         zero (net)
                  0.03    0.01    2.85 ^ zero (out)
                                  2.85   data arrival time

                  0.00   10.00   10.00   clock clk (rise edge)
                          0.00   10.00   clock network delay (ideal)
                          0.00   10.00   clock reconvergence pessimism
                         -2.00    8.00   output external delay
                                  8.00   data required time
-----------------------------------------------------------------------------
                                  8.00   data required time
                                 -2.85   data arrival time
-----------------------------------------------------------------------------
                                  5.15   slack (MET)



==========================================================================
finish report_checks -unconstrained
--------------------------------------------------------------------------
Startpoint: A[5] (input port clocked by clk)
Endpoint: zero (output port clocked by clk)
Path Group: clk
Path Type: max

Fanout     Cap    Slew   Delay    Time   Description
-----------------------------------------------------------------------------
                  0.00    0.00    0.00   clock clk (rise edge)
                          0.00    0.00   clock network delay (ideal)
                          2.00    2.00 v input external delay
     1   25.70    0.00    0.00    2.00 v A[5] (in)
                                         A[5] (net)
                  0.01    0.01    2.01 v input56/A (BUF_X1)
     4   11.39    0.01    0.04    2.05 v input56/Z (BUF_X1)
                                         net56 (net)
                  0.01    0.00    2.05 v _3530_/A (INV_X1)
     2    6.15    0.02    0.03    2.07 ^ _3530_/ZN (INV_X1)
                                         _0243_ (net)
                  0.02    0.00    2.07 ^ _6734_/A (HA_X1)
     3   14.70    0.08    0.11    2.19 ^ _6734_/S (HA_X1)
                                         _0246_ (net)
                  0.08    0.00    2.19 ^ place315/A (BUF_X1)
     9   39.84    0.09    0.12    2.31 ^ place315/Z (BUF_X1)
                                         net315 (net)
                  0.09    0.00    2.31 ^ _4528_/A1 (NAND2_X4)
     3   11.52    0.02    0.03    2.34 v _4528_/ZN (NAND2_X4)
                                         _1034_ (net)
                  0.02    0.00    2.34 v _4529_/A (INV_X4)
     2    8.38    0.01    0.02    2.36 ^ _4529_/ZN (INV_X4)
                                         _1035_ (net)
                  0.01    0.00    2.36 ^ _4569_/A2 (NAND2_X1)
     2    9.27    0.02    0.03    2.39 v _4569_/ZN (NAND2_X1)
                                         _1074_ (net)
                  0.02    0.00    2.39 v _4571_/A2 (NAND3_X2)
     3   12.07    0.02    0.03    2.42 ^ _4571_/ZN (NAND3_X2)
                                         _1076_ (net)
                  0.02    0.00    2.42 ^ _6422_/A (XNOR2_X1)
     1    1.83    0.02    0.04    2.47 ^ _6422_/ZN (XNOR2_X1)
                                         _2858_ (net)
                  0.02    0.00    2.47 ^ _6423_/A1 (NAND2_X1)
     1    2.06    0.02    0.02    2.48 v _6423_/ZN (NAND2_X1)
                                         _2859_ (net)
                  0.02    0.00    2.48 v _6424_/A2 (NAND2_X1)
     2    3.64    0.01    0.02    2.51 ^ _6424_/ZN (NAND2_X1)
                                         _2860_ (net)
                  0.01    0.00    2.51 ^ _6550_/A2 (NAND2_X1)
     1    2.98    0.01    0.02    2.53 v _6550_/ZN (NAND2_X1)
                                         _2976_ (net)
                  0.01    0.00    2.53 v _6555_/A1 (NOR2_X2)
     1    3.58    0.02    0.02    2.55 ^ _6555_/ZN (NOR2_X2)
                                         _2981_ (net)
                  0.02    0.00    2.55 ^ _6556_/A2 (NAND2_X1)
     1    2.80    0.01    0.02    2.57 v _6556_/ZN (NAND2_X1)
                                         _2982_ (net)
                  0.01    0.00    2.57 v _6558_/A1 (NOR2_X2)
     1    3.65    0.02    0.02    2.59 ^ _6558_/ZN (NOR2_X2)
                                         _2984_ (net)
                  0.02    0.00    2.59 ^ _6561_/A2 (NAND3_X1)
     1    5.29    0.02    0.03    2.63 v _6561_/ZN (NAND3_X1)
                                         _2987_ (net)
                  0.02    0.00    2.63 v _6563_/A1 (NOR2_X2)
     1    5.42    0.02    0.03    2.66 ^ _6563_/ZN (NOR2_X2)
                                         _2989_ (net)
                  0.02    0.00    2.66 ^ _6572_/A1 (NAND3_X1)
     1    2.99    0.01    0.03    2.68 v _6572_/ZN (NAND3_X1)
                                         _2998_ (net)
                  0.01    0.00    2.68 v _6585_/A1 (NOR2_X2)
     1   10.27    0.03    0.04    2.73 ^ _6585_/ZN (NOR2_X2)
                                         _3011_ (net)
                  0.03    0.00    2.73 ^ _6609_/A1 (NAND3_X2)
     1    3.01    0.01    0.02    2.75 v _6609_/ZN (NAND3_X2)
                                         _3035_ (net)
                  0.01    0.00    2.75 v _6613_/A1 (NOR2_X2)
     1    8.76    0.03    0.04    2.79 ^ _6613_/ZN (NOR2_X2)
                                         net197 (net)
                  0.03    0.00    2.79 ^ output197/A (BUF_X1)
     1   14.80    0.03    0.06    2.85 ^ output197/Z (BUF_X1)
                                         zero (net)
                  0.03    0.01    2.85 ^ zero (out)
                                  2.85   data arrival time

                  0.00   10.00   10.00   clock clk (rise edge)
                          0.00   10.00   clock network delay (ideal)
                          0.00   10.00   clock reconvergence pessimism
                         -2.00    8.00   output external delay
                                  8.00   data required time
-----------------------------------------------------------------------------
                                  8.00   data required time
                                 -2.85   data arrival time
-----------------------------------------------------------------------------
                                  5.15   slack (MET)



==========================================================================
finish report_check_types -max_slew -max_cap -max_fanout -violators
--------------------------------------------------------------------------

==========================================================================
finish max_slew_check_slack
--------------------------------------------------------------------------
0.08830385655164719

==========================================================================
finish max_slew_check_limit
--------------------------------------------------------------------------
0.1985349953174591

==========================================================================
finish max_slew_check_slack_limit
--------------------------------------------------------------------------
0.4448

==========================================================================
finish max_fanout_check_slack
--------------------------------------------------------------------------
1.0000000150474662e+30

==========================================================================
finish max_fanout_check_limit
--------------------------------------------------------------------------
1.0000000150474662e+30

==========================================================================
finish max_capacitance_check_slack
--------------------------------------------------------------------------
3.701584815979004

==========================================================================
finish max_capacitance_check_limit
--------------------------------------------------------------------------
25.253299713134766

==========================================================================
finish max_capacitance_check_slack_limit
--------------------------------------------------------------------------
0.1466

==========================================================================
finish max_slew_violation_count
--------------------------------------------------------------------------
max slew violation count 0

==========================================================================
finish max_fanout_violation_count
--------------------------------------------------------------------------
max fanout violation count 0

==========================================================================
finish max_cap_violation_count
--------------------------------------------------------------------------
max cap violation count 0

==========================================================================
finish setup_violation_count
--------------------------------------------------------------------------
setup violation count 0

==========================================================================
finish hold_violation_count
--------------------------------------------------------------------------
hold violation count 0

==========================================================================
finish critical path delay
--------------------------------------------------------------------------
2.8543

==========================================================================
finish critical path slack
--------------------------------------------------------------------------
5.1457

==========================================================================
finish slack div critical path delay
--------------------------------------------------------------------------
180.278877

==========================================================================
finish report_power
--------------------------------------------------------------------------
Group                  Internal  Switching    Leakage      Total
                          Power      Power      Power      Power (Watts)
----------------------------------------------------------------
Sequential             0.00e+00   0.00e+00   0.00e+00   0.00e+00   0.0%
Combinational          1.31e-04   2.09e-04   1.07e-04   4.47e-04 100.0%
Clock                  0.00e+00   0.00e+00   0.00e+00   0.00e+00   0.0%
Macro                  0.00e+00   0.00e+00   0.00e+00   0.00e+00   0.0%
Pad                    0.00e+00   0.00e+00   0.00e+00   0.00e+00   0.0%
----------------------------------------------------------------
Total                  1.31e-04   2.09e-04   1.07e-04   4.47e-04 100.0%
                          29.3%      46.8%      23.9%
